<?xml version="1.0" encoding="UTF-8"?>
<!-- Generated by org.testng.reporters.JUnitReportReporter -->
<testsuite hostname="DESKTOP-4VUC44N" failures="0" tests="5" name="tests.LoginApplicationTest" time="3.679" errors="0" timestamp="24 Nov 2019 02:04:51 GMT" skipped="0">
  <testcase classname="tests.LoginApplicationTest" name="GoToLoginPage" time="0.522"/>
  <testcase classname="tests.LoginApplicationTest" name="InvalidLoginToApplication" time="0.765"/>
  <testcase classname="tests.LoginApplicationTest" name="InvalidLoginToApplication" time="0.675"/>
  <testcase classname="tests.LoginApplicationTest" name="ValidLogin" time="0.750"/>
  <testcase classname="tests.LoginApplicationTest" name="InvalidLoginToApplication" time="0.967"/>
</testsuite> <!-- tests.LoginApplicationTest -->
